[debug] [2022-06-23T23:26:55.167Z] ----------------------------------------------------------------------
[debug] [2022-06-23T23:26:55.170Z] Command:       C:\Program Files\nodejs\node.exe C:\Users\zaxfo\AppData\Roaming\npm\node_modules\firebase-tools\lib\bin\firebase.js hosting:disable
[debug] [2022-06-23T23:26:55.171Z] CLI Version:   11.1.0
[debug] [2022-06-23T23:26:55.171Z] Platform:      win32
[debug] [2022-06-23T23:26:55.171Z] Node Version:  v16.14.2
[debug] [2022-06-23T23:26:55.172Z] Time:          Fri Jun 24 2022 02:26:55 GMT+0300 (Eastern European Summer Time)
[debug] [2022-06-23T23:26:55.172Z] ----------------------------------------------------------------------
[debug] 
[debug] [2022-06-23T23:26:55.184Z] > refreshing access token with scopes: []
[debug] [2022-06-23T23:26:55.187Z] >>> [apiv2][query] POST https://www.googleapis.com/oauth2/v3/token [none]
[debug] [2022-06-23T23:26:55.187Z] >>> [apiv2][body] POST https://www.googleapis.com/oauth2/v3/token [omitted]
[debug] [2022-06-23T23:26:55.544Z] <<< [apiv2][status] POST https://www.googleapis.com/oauth2/v3/token 200
[debug] [2022-06-23T23:26:55.544Z] <<< [apiv2][body] POST https://www.googleapis.com/oauth2/v3/token [omitted]
[debug] [2022-06-23T23:26:55.554Z] >>> [apiv2][query] GET https://firebase.googleapis.com/v1beta1/projects/undefined [none]
[debug] [2022-06-23T23:26:56.035Z] <<< [apiv2][status] GET https://firebase.googleapis.com/v1beta1/projects/undefined 403
[debug] [2022-06-23T23:26:56.035Z] <<< [apiv2][body] GET https://firebase.googleapis.com/v1beta1/projects/undefined {"error":{"code":403,"message":"The caller does not have permission","status":"PERMISSION_DENIED"}}
[debug] [2022-06-23T23:26:56.036Z] HTTP Error: 403, The caller does not have permission
[debug] [2022-06-23T23:26:56.308Z] FirebaseError: HTTP Error: 403, The caller does not have permission
    at responseToError (C:\Users\zaxfo\AppData\Roaming\npm\node_modules\firebase-tools\lib\responseToError.js:49:12)
    at RetryOperation._fn (C:\Users\zaxfo\AppData\Roaming\npm\node_modules\firebase-tools\lib\apiv2.js:287:77)
    at processTicksAndRejections (node:internal/process/task_queues:96:5)
[error] 
[error] Error: Failed to get Firebase project undefined. Please make sure the project exists and your account has permission to access it.
